[2024-04-24T14:55:31.927Z] info: Server started on port: 3000
[2024-04-24T14:55:32.220Z] info: [::ffff:127.0.0.1] Connection opened
[2024-04-24T14:55:32.222Z] info: [::ffff:127.0.0.1] Connection opened
[2024-04-24T14:55:32.225Z] info: [::ffff:127.0.0.1] Connection closed: code 1006
[2024-04-24T14:55:32.275Z] info: Created room: 559097087
[2024-04-24T14:55:32.276Z] info: [::ffff:127.0.0.1 "gvbvdxxa" in 559097087] Joined room (peers: 1)
[2024-04-24T14:55:53.282Z] info: [::ffff:127.0.0.1] Connection opened
[2024-04-24T14:55:53.340Z] info: [::ffff:127.0.0.1 "gvbvdxxa" in 559097087] Joined room (peers: 2)
[2024-04-24T14:56:01.849Z] info: Pinging 2 clients...
[2024-04-24T14:56:31.848Z] info: Pinging 2 clients...
[2024-04-24T14:57:01.848Z] info: Pinging 2 clients...
[2024-04-24T14:57:31.848Z] info: Pinging 2 clients...
[2024-04-24T14:58:01.848Z] info: Pinging 2 clients...
[2024-04-24T14:58:31.849Z] info: Pinging 2 clients...
[2024-04-24T14:59:01.849Z] info: Pinging 2 clients...
[2024-04-24T14:59:31.848Z] info: Pinging 2 clients...
[2024-04-24T15:00:01.848Z] info: Pinging 2 clients...
[2024-04-24T15:00:31.848Z] info: Pinging 2 clients...
[2024-04-24T15:01:01.848Z] info: Pinging 2 clients...
[2024-04-24T15:01:25.585Z] info: [::ffff:127.0.0.1 "gvbvdxxa" in 559097087] Connection closed: code 1001
[2024-04-24T15:01:31.848Z] info: Pinging 1 clients...
[2024-04-24T15:02:01.848Z] info: Pinging 1 clients...
[2024-04-24T15:02:31.848Z] info: Pinging 1 clients...
[2024-04-24T15:03:01.849Z] info: Pinging 1 clients...
[2024-04-24T15:03:31.848Z] info: Pinging 1 clients...
[2024-04-24T15:04:01.848Z] info: Pinging 1 clients...
[2024-04-24T15:04:31.848Z] info: Pinging 1 clients...
[2024-04-24T15:05:01.849Z] info: Pinging 1 clients...
[2024-04-24T15:05:31.848Z] info: Pinging 1 clients...
[2024-04-24T15:06:01.848Z] info: Pinging 1 clients...
[2024-04-24T15:06:31.849Z] info: Pinging 1 clients...
[2024-04-24T15:07:01.848Z] info: Pinging 1 clients...
[2024-04-24T15:07:31.848Z] info: Pinging 1 clients...
[2024-04-24T15:08:01.848Z] info: Pinging 1 clients...
[2024-04-24T15:08:31.848Z] info: Pinging 1 clients...
[2024-04-24T15:09:01.848Z] info: Pinging 1 clients...
[2024-04-24T15:09:31.849Z] info: Pinging 1 clients...
[2024-04-24T15:10:01.848Z] info: Pinging 1 clients...
[2024-04-24T15:10:31.848Z] info: Pinging 1 clients...
[2024-04-24T15:11:01.849Z] info: Pinging 1 clients...
[2024-04-24T15:11:31.848Z] info: Pinging 1 clients...
[2024-04-24T15:12:01.848Z] info: Pinging 1 clients...
[2024-04-24T15:12:31.849Z] info: Pinging 1 clients...
[2024-04-24T15:13:01.848Z] info: Pinging 1 clients...
[2024-04-24T15:13:31.848Z] info: Pinging 1 clients...
[2024-04-24T15:14:01.848Z] info: Pinging 1 clients...
[2024-04-24T15:14:31.849Z] info: Pinging 1 clients...
[2024-04-24T15:15:01.848Z] info: Pinging 1 clients...
[2024-04-24T15:15:31.848Z] info: Pinging 1 clients...
[2024-04-24T15:16:01.849Z] info: Pinging 1 clients...
[2024-04-24T15:16:31.848Z] info: Pinging 1 clients...
[2024-04-24T15:17:01.848Z] info: Pinging 1 clients...
[2024-04-24T15:17:31.849Z] info: Pinging 1 clients...
[2024-04-24T15:18:01.849Z] info: Pinging 1 clients...
[2024-04-24T15:18:31.849Z] info: Pinging 1 clients...
[2024-04-24T15:19:01.848Z] info: Pinging 1 clients...
[2024-04-24T15:19:31.848Z] info: Pinging 1 clients...
[2024-04-24T15:20:01.848Z] info: Pinging 1 clients...
[2024-04-24T15:20:31.848Z] info: Pinging 1 clients...
[2024-04-24T15:21:01.848Z] info: Pinging 1 clients...
[2024-04-24T15:21:31.848Z] info: Pinging 1 clients...
[2024-04-24T15:22:01.848Z] info: Pinging 1 clients...
[2024-04-24T15:22:31.848Z] info: Pinging 1 clients...
[2024-04-24T15:23:01.848Z] info: Pinging 1 clients...
[2024-04-24T15:23:31.848Z] info: Pinging 1 clients...
[2024-04-24T15:24:01.848Z] info: Pinging 1 clients...
[2024-04-24T15:24:31.848Z] info: Pinging 1 clients...
[2024-04-24T15:25:01.848Z] info: Pinging 1 clients...
[2024-04-24T15:25:30.325Z] info: [::ffff:127.0.0.1 "gvbvdxxa" in 559097087] Connection closed: code 1001
